<?xml version="1.0" encoding="UTF-8" ?>
<testsuite failures="0" time="4.593" errors="0" skipped="0" tests="33" name="com.gdn.venice.facade.processor.VenOrderItemMergeProcessorTest">
  <properties>
[...]
</properties>
  <testcase time="1.537" classname="com.gdn.venice.facade.processor.VenOrderItemMergeProcessorTest" name="preMerge_orderItemStatusChangeFromEStoES_DOESNOTPublishUpdateOrderItemStatusMessage"/>
  <testcase time="0" classname="com.gdn.venice.facade.processor.VenOrderItemMergeProcessorTest" name="preMerge_orderItemStatusChangeFromEStoES_DOESNOTAddOrderItemStatusHistory"/>
  <testcase time="0.002" classname="com.gdn.venice.facade.processor.VenOrderItemMergeProcessorTest" name="preMerge_orderItemStatusChangeFromEStoES_DOESNOTAddDummyLogAirwayBill"/>
  <testcase time="0.002" classname="com.gdn.venice.facade.processor.VenOrderItemMergeProcessorTest" name="preMerge_orderItemStatusChangeFromCtoFP_DOESNOTPublishUpdateOrderItemStatusMessage"/>
  <testcase time="0.001" classname="com.gdn.venice.facade.processor.VenOrderItemMergeProcessorTest" name="preMerge_orderItemStatusChangeFromCtoFP_DOESNOTAddOrderItemStatusHistory"/>
  <testcase time="0" classname="com.gdn.venice.facade.processor.VenOrderItemMergeProcessorTest" name="preMerge_orderItemStatusChangeFromCtoFP_addDummyLogAirwayBill"/>
  <testcase time="0" classname="com.gdn.venice.facade.processor.VenOrderItemMergeProcessorTest" name="preMerge_orderItemStatusChangeFromPUtoES_publishUpdateOrderItemStatusMessage"/>
  <testcase time="0" classname="com.gdn.venice.facade.processor.VenOrderItemMergeProcessorTest" name="preMerge_orderItemStatusChangeFromPUtoES_addOrderItemStatusHistory"/>
  <testcase time="0" classname="com.gdn.venice.facade.processor.VenOrderItemMergeProcessorTest" name="preMerge_orderItemStatusChangeFromPUtoES_DOESNOTAddDummyLogAirwayBill"/>
  <testcase time="0" classname="com.gdn.venice.facade.processor.VenOrderItemMergeProcessorTest" name="preMerge_orderItemStatusChangeFromEStoPP_publishUpdateOrderItemStatusMessage"/>
  <testcase time="0" classname="com.gdn.venice.facade.processor.VenOrderItemMergeProcessorTest" name="preMerge_orderItemStatusChangeFromEStoPP_addOrderItemStatusHistory"/>
  <testcase time="0" classname="com.gdn.venice.facade.processor.VenOrderItemMergeProcessorTest" name="preMerge_orderItemStatusChangeFromEStoPP_DOESNOTAddDummyLogAirwayBill"/>
  <testcase time="0" classname="com.gdn.venice.facade.processor.VenOrderItemMergeProcessorTest" name="preMerge_orderItemStatusChangeFromEStoCX_publishUpdateOrderItemStatusMessage"/>
  <testcase time="0" classname="com.gdn.venice.facade.processor.VenOrderItemMergeProcessorTest" name="preMerge_orderItemStatusChangeFromEStoCX_addOrderItemStatusHistory"/>
  <testcase time="0" classname="com.gdn.venice.facade.processor.VenOrderItemMergeProcessorTest" name="preMerge_orderItemStatusChangeFromEStoCX_DOESNOTAddDummyLogAirwayBill"/>
  <testcase time="0" classname="com.gdn.venice.facade.processor.VenOrderItemMergeProcessorTest" name="preMerge_orderItemStatusChangeFromPPtoCX_publishUpdateOrderItemStatusMessage"/>
  <testcase time="0" classname="com.gdn.venice.facade.processor.VenOrderItemMergeProcessorTest" name="preMerge_orderItemStatusChangeFromPPtoCX_addOrderItemStatusHistory"/>
  <testcase time="0" classname="com.gdn.venice.facade.processor.VenOrderItemMergeProcessorTest" name="preMerge_orderItemStatusChangeFromPPtoCX_DOESNOTAddDummyLogAirwayBill"/>
  <testcase time="0" classname="com.gdn.venice.facade.processor.VenOrderItemMergeProcessorTest" name="preMerge_orderItemStatusChangeFromEStoRT_publishUpdateOrderItemStatusMessage"/>
  <testcase time="0" classname="com.gdn.venice.facade.processor.VenOrderItemMergeProcessorTest" name="preMerge_orderItemStatusChangeFromEStoRT_addOrderItemStatusHistory"/>
  <testcase time="0" classname="com.gdn.venice.facade.processor.VenOrderItemMergeProcessorTest" name="preMerge_orderItemStatusChangeFromEStoRT_DOESNOTAddDummyLogAirwayBill"/>
  <testcase time="0" classname="com.gdn.venice.facade.processor.VenOrderItemMergeProcessorTest" name="preMerge_orderItemStatusChangeFromEStoD_publishUpdateOrderItemStatusMessage"/>
  <testcase time="0" classname="com.gdn.venice.facade.processor.VenOrderItemMergeProcessorTest" name="preMerge_orderItemStatusChangeFromEStoD_addOrderItemStatusHistory"/>
  <testcase time="0" classname="com.gdn.venice.facade.processor.VenOrderItemMergeProcessorTest" name="preMerge_orderItemStatusChangeFromEStoD_DOESNOTAddDummyLogAirwayBill"/>
  <testcase time="0" classname="com.gdn.venice.facade.processor.VenOrderItemMergeProcessorTest" name="preMerge_orderItemStatusChangeFromCXtoD_publishUpdateOrderItemStatusMessage"/>
  <testcase time="0" classname="com.gdn.venice.facade.processor.VenOrderItemMergeProcessorTest" name="preMerge_orderItemStatusChangeFromCXtoD_addOrderItemStatusHistory"/>
  <testcase time="0.001" classname="com.gdn.venice.facade.processor.VenOrderItemMergeProcessorTest" name="preMerge_orderItemStatusChangeFromCXtoD_DOESNOTAddDummyLogAirwayBill"/>
  <testcase time="0" classname="com.gdn.venice.facade.processor.VenOrderItemMergeProcessorTest" name="preMerge_orderItemStatusChangeFromPFtoFP_publishUpdateOrderItemStatusMessage"/>
  <testcase time="0" classname="com.gdn.venice.facade.processor.VenOrderItemMergeProcessorTest" name="preMerge_orderItemStatusChangeFromPFtoFP_DOESNOTAddOrderItemStatusHistory"/>
  <testcase time="0" classname="com.gdn.venice.facade.processor.VenOrderItemMergeProcessorTest" name="preMerge_orderItemStatusChangeFromPFtoFP_DOESNOTAddDummyLogAirwayBill"/>
  <testcase time="0" classname="com.gdn.venice.facade.processor.VenOrderItemMergeProcessorTest" name="preMerge_orderItemStatusChangeFromFPtoX_DOESNOTPublishUpdateOrderItemStatusMessage"/>
  <testcase time="0" classname="com.gdn.venice.facade.processor.VenOrderItemMergeProcessorTest" name="preMerge_orderItemStatusChangeFromFPtoX_addOrderItemStatusHistory"/>
  <testcase time="0" classname="com.gdn.venice.facade.processor.VenOrderItemMergeProcessorTest" name="preMerge_orderItemStatusChangeFromFPtoX_DOESNOTAddDummyLogAirwayBill"/>
</testsuite>