<?xml version="1.0" encoding="UTF-8" ?>
<testsuite failures="0" time="15.653" errors="0" skipped="0" tests="11" name="com.gdn.venice.inbound.services.OrderCreationTest">
  <properties>
[...]
</properties>
  <testcase time="9.218" classname="com.gdn.venice.inbound.services.OrderCreationTest" name="createOrder_NoOrderReceived_VENEX000002Caught"/>
  <testcase time="0.004" classname="com.gdn.venice.inbound.services.OrderCreationTest" name="createOrder_NoOrderAmount_VENEX000003Caught"/>
  <testcase time="0.008" classname="com.gdn.venice.inbound.services.OrderCreationTest" name="createOrder_NoCustomerRecord_VENEX000004Caught"/>
  <testcase time="0" classname="com.gdn.venice.inbound.services.OrderCreationTest" name="createOrder_NoOrderID_VENEX000005Caught"/>
  <testcase time="0.005" classname="com.gdn.venice.inbound.services.OrderCreationTest" name="createOrder_OrderItemsNull_VENEX000006Caught"/>
  <testcase time="0.008" classname="com.gdn.venice.inbound.services.OrderCreationTest" name="createOrder_OrderItemsEmpty_VENEX000006Caught"/>
  <testcase time="0.001" classname="com.gdn.venice.inbound.services.OrderCreationTest" name="createOrder_NullPayment_VENEX000007Caught"/>
  <testcase time="0.003" classname="com.gdn.venice.inbound.services.OrderCreationTest" name="createOrder_NoTimestamp_VENEX000008Caught"/>
  <testcase time="0.004" classname="com.gdn.venice.inbound.services.OrderCreationTest" name="createOrder_NoOrderStatus_VENEX000009Caught"/>
  <testcase time="0.003" classname="com.gdn.venice.inbound.services.OrderCreationTest" name="createOrder_InvalidOrderStatus_VENEX000009Caught"/>
  <testcase time="0.006" classname="com.gdn.venice.inbound.services.OrderCreationTest" name="createOrder_InvalidOrderFulfillmentStatus_VENEX000010Caught"/>
</testsuite>